<?xml version='1.0' encoding='UTF-8'?>
<testsuite hostname="SURFACE-GJERT" name="AccountTransferTests" tests="6" errors="0" failures="0" skipped="0" time="53.104" timestamp="2022-11-21T15:29:33">
          <properties>
      <property name="jline.esc.timeout" value="0"/><property name="java.runtime.name" value="Java(TM) SE Runtime Environment"/><property name="sun.boot.library.path" value="C:\Misc\java\jre\bin"/><property name="java.vm.version" value="25.251-b08"/><property name="java.vm.vendor" value="Oracle Corporation"/><property name="java.vendor.url" value="http://java.oracle.com/"/><property name="path.separator" value=";"/><property name="jna.loaded" value="true"/><property name="java.vm.name" value="Java HotSpot(TM) 64-Bit Server VM"/><property name="file.encoding.pkg" value="sun.io"/><property name="user.country" value="GB"/><property name="user.script" value=""/><property name="sun.java.launcher" value="SUN_STANDARD"/><property name="sun.os.patch.level" value=""/><property name="jna.nosys" value="true"/><property name="java.vm.specification.name" value="Java Virtual Machine Specification"/><property name="user.dir" value="C:\Users\Brukær\Documents\GitHub\scala_delivery2"/><property name="java.runtime.version" value="1.8.0_251-b08"/><property name="java.awt.graphicsenv" value="sun.awt.Win32GraphicsEnvironment"/><property name="java.endorsed.dirs" value="C:\Misc\java\jre\lib\endorsed"/><property name="os.arch" value="amd64"/><property name="java.io.tmpdir" value="C:\Users\BRUKR~1\AppData\Local\Temp\"/><property name="line.separator" value="
"/><property name="java.vm.specification.vendor" value="Oracle Corporation"/><property name="log4j.ignoreTCL" value="true"/><property name="user.variant" value=""/><property name="os.name" value="Windows 10"/><property name="sun.jnu.encoding" value="Cp1252"/><property name="jnidispatch.path" value="C:\Users\BRUKR~1\AppData\Local\Temp\jna-1998400978\jna1928123007309285399.dll"/><property name="java.library.path" value="C:\Misc\java\bin;C:\WINDOWS\Sun\Java\bin;C:\WINDOWS\system32;C:\WINDOWS;C:\Misc\java\bin;C:\Program Files (x86)\Microsoft SDKs\Azure\CLI2\wbin;C:\WINDOWS\system32;C:\WINDOWS;C:\WINDOWS\System32\Wbem;C:\WINDOWS\System32\WindowsPowerShell\v1.0\;C:\WINDOWS\System32\OpenSSH\;C:\Program Files\dotnet\;C:\Program Files\Microsoft SQL Server\130\Tools\Binn\;C:\Program Files\Microsoft SQL Server\Client SDK\ODBC\170\Tools\Binn\;C:\Users\gjert\AppData\Roaming\npm;C:\Misc\java\bin;C:\Program Files (x86)\Yarn\bin\;C:\Program Files\Git\cmd;C:\Program Files (x86)\Microsoft SQL Server\150\DTS\Binn\;C:\Program Files\nodejs\;C:\ProgramData\chocolatey\bin;;C:\Program Files\Docker\Docker\resources\bin;C:\ProgramData\DockerDesktop\version-bin;C:\Program Files (x86)\sbt\bin;C:\Users\Brukær\AppData\Local\Microsoft\WindowsApps;C:\Users\Brukær\AppData\Local\GitHubDesktop\bin;C:\Users\Brukær\AppData\Local\Programs\Microsoft VS Code\bin;."/><property name="java.specification.name" value="Java Platform API Specification"/><property name="java.class.version" value="52.0"/><property name="sbt.ipcsocket.tmpdir" value="C:\Users\BRUKR~1\AppData\Local\Temp\.sbt\ipcsocket"/><property name="sun.management.compiler" value="HotSpot 64-Bit Tiered Compilers"/><property name="os.version" value="10.0"/><property name="swoval.tmpdir" value="C:\Users\BRUKR~1\AppData\Local\Temp\.sbt\swoval"/><property name="user.home" value="C:\Users\Brukær"/><property name="user.timezone" value="Europe/Berlin"/><property name="java.awt.printerjob" value="sun.awt.windows.WPrinterJob"/><property name="file.encoding" value="UTF-8"/><property name="java.specification.version" value="1.8"/><property name="java.class.path" value="C:\Program Files (x86)\sbt\\bin\sbt-launch.jar"/><property name="user.name" value="Brukær"/><property name="jline.shutdownhook" value="false"/><property name="java.vm.specification.version" value="1.8"/><property name="sun.java.command" value="xsbt.boot.Boot"/><property name="java.home" value="C:\Misc\java\jre"/><property name="sun.arch.data.model" value="64"/><property name="user.language" value="en"/><property name="java.specification.vendor" value="Oracle Corporation"/><property name="awt.toolkit" value="sun.awt.windows.WToolkit"/><property name="java.vm.info" value="mixed mode"/><property name="java.version" value="1.8.0_251"/><property name="java.ext.dirs" value="C:\Misc\java\jre\lib\ext;C:\WINDOWS\Sun\Java\lib\ext"/><property name="sun.boot.class.path" value="C:\Misc\java\jre\lib\resources.jar;C:\Misc\java\jre\lib\rt.jar;C:\Misc\java\jre\lib\sunrsasign.jar;C:\Misc\java\jre\lib\jsse.jar;C:\Misc\java\jre\lib\jce.jar;C:\Misc\java\jre\lib\charsets.jar;C:\Misc\java\jre\lib\jfr.jar;C:\Misc\java\jre\classes"/><property name="java.vendor" value="Oracle Corporation"/><property name="sun.stderr.encoding" value="cp850"/><property name="file.separator" value="\"/><property name="java.vendor.url.bug" value="http://bugreport.sun.com/bugreport/"/><property name="sun.io.unicode.encoding" value="UnicodeLittle"/><property name="sun.cpu.endian" value="little"/><property name="sun.stdout.encoding" value="cp850"/><property name="sun.desktop" value="windows"/><property name="sun.cpu.isalist" value="amd64"/>
    </properties>
          <testcase classname="AccountTransferTests" name="Test 07: Valid transfer between accounts" time="0.125">
                      
                    </testcase><testcase classname="AccountTransferTests" name="Test 08: Transfer of negative amount between accounts should fail" time="0.11">
                      
                    </testcase><testcase classname="AccountTransferTests" name="Test 09: Invalid transfer between accounts due to insufficient funds should lead to transaction status FAILED and no money should be transferred between accounts" time="0.109">
                      
                    </testcase><testcase classname="AccountTransferTests" name="Test 10: Correct balance amounts after several transfers" time="3.288">
                      
                    </testcase><testcase classname="AccountTransferTests" name="Test 11: Failed transactions should retry and potentially succeed with multiple allowed attempts" time="27.489">
                      
                    </testcase><testcase classname="AccountTransferTests" name="Test 12: Some transactions should be stopped with only one allowed attempt" time="21.983">
                      
                    </testcase>
          <system-out><![CDATA[]]></system-out>
          <system-err><![CDATA[]]></system-err>
        </testsuite>